\BOOKMARK [0][-]{part.1}{I\040Word2Vec}{}% 1
\BOOKMARK [1][-]{section.1}{Overview}{part.1}% 2
\BOOKMARK [2][-]{subsection.1.1}{Code}{section.1}% 3
\BOOKMARK [2][-]{subsection.1.2}{Results\040and\040Examples}{section.1}% 4
\BOOKMARK [3][-]{subsubsection.1.2.1}{Analyze\040Common\040Words}{subsection.1.2}% 5
\BOOKMARK [3][-]{subsubsection.1.2.2}{Find\040Biases}{subsection.1.2}% 6
\BOOKMARK [0][-]{part.2}{II\040Tokenization}{}% 7
\BOOKMARK [1][-]{section.2}{Overview}{part.2}% 8
\BOOKMARK [2][-]{subsection.2.1}{Code}{section.2}% 9
\BOOKMARK [2][-]{subsection.2.2}{Results\040and\040Examples}{section.2}% 10
\BOOKMARK [0][-]{part.3}{III\040Parsing}{}% 11
\BOOKMARK [1][-]{section.3}{Overview}{part.3}% 12
\BOOKMARK [2][-]{subsection.3.1}{Results\040and\040Examples}{section.3}% 13
\BOOKMARK [0][-]{part.4}{IV\040Language\040Model}{}% 14
\BOOKMARK [1][-]{section.4}{Overview}{part.4}% 15
\BOOKMARK [2][-]{subsection.4.1}{Code}{section.4}% 16
\BOOKMARK [2][-]{subsection.4.2}{Results\040and\040Examples}{section.4}% 17
\BOOKMARK [0][-]{part.5}{V\040Fine-tuning}{}% 18
\BOOKMARK [1][-]{section.5}{Classification}{part.5}% 19
\BOOKMARK [2][-]{subsection.5.1}{Code}{section.5}% 20
\BOOKMARK [2][-]{subsection.5.2}{Results\040and\040Examples}{section.5}% 21
\BOOKMARK [1][-]{section.6}{Language\040Model}{part.5}% 22
\BOOKMARK [2][-]{subsection.6.1}{Code}{section.6}% 23
\BOOKMARK [2][-]{subsection.6.2}{Results\040and\040Examples}{section.6}% 24
